<?xml version="1.0" encoding="UTF-8"?>
<testsuite name="com.testing.FractionTest" tests="5" skipped="0" failures="0" errors="0" timestamp="2020-09-21T09:51:58" hostname="indchnbawyasmbp" time="0.001">
  <properties/>
  <testcase name="testInvertInNegative" classname="com.testing.FractionTest" time="0.0"/>
  <testcase name="testInvertMinValue" classname="com.testing.FractionTest" time="0.001"/>
  <testcase name="testInvertInNegativeLessThanZero" classname="com.testing.FractionTest" time="0.0"/>
  <testcase name="testInvertZero" classname="com.testing.FractionTest" time="0.0"/>
  <testcase name="testInvert" classname="com.testing.FractionTest" time="0.0"/>
  <system-out><![CDATA[]]></system-out>
  <system-err><![CDATA[]]></system-err>
</testsuite>
